<?xml version="1.0" encoding="UTF-8"?>
<!-- Generated by org.testng.reporters.JUnitXMLReporter -->
<testsuite ignored="0" hostname="DESKTOP-58I4PAT" failures="1" tests="3" name="Open Cart Login Page Test_safari" time="99.137" errors="0" timestamp="15 Aug 2024 13:15:13 GMT">
  <testcase classname="com.qa.opencart.tests.LoginPageTest" name="loginPageNavigationTest" time="30.757"/>
  <testcase classname="com.qa.opencart.tests.LoginPageTest" name="forgotPwdLinkExistTest" time="2.691"/>
  <testcase classname="com.qa.opencart.tests.LoginPageTest" name="appLoginTest" time="31.058">
    <failure type="com.microsoft.playwright.TimeoutError" message="Error {
  message=&amp;apos;Timeout 30000ms exceeded.
=========================== logs ===========================
waiting for selector &amp;quot;//a[@class=&amp;apos;list-group-item&amp;apos;][normalize-space()=&amp;apos;Logout&amp;apos;]&amp;quot; to be visible
============================================================
  name=&amp;apos;TimeoutError
  stack=&amp;apos;TimeoutError: Timeout 30000ms exceeded.
=========================== logs ===========================
waiting for selector &amp;quot;//a[@class=&amp;apos;list-group-item&amp;apos;][normalize-space()=&amp;apos;Logout&amp;apos;]&amp;quot; to be visible
============================================================
    at ProgressController.run (C:\Users\Welcome\AppData\Local\Temp\playwright-java-5897410051024999458\package\lib\server\progress.js:96:26)
    at Frame.waitForSelector (C:\Users\Welcome\AppData\Local\Temp\playwright-java-5897410051024999458\package\lib\server\frames.js:843:23)
    at FrameDispatcher.waitForSelector (C:\Users\Welcome\AppData\Local\Temp\playwright-java-5897410051024999458\package\lib\server\dispatchers\frameDispatcher.js:111:110)
    at DispatcherConnection.dispatch (C:\Users\Welcome\AppData\Local\Temp\playwright-java-5897410051024999458\package\lib\server\dispatchers\dispatcher.js:397:46)
}">
      <![CDATA[com.microsoft.playwright.TimeoutError: Error {
  message='Timeout 30000ms exceeded.
=========================== logs ===========================
waiting for selector "//a[@class='list-group-item'][normalize-space()='Logout']" to be visible
============================================================
  name='TimeoutError
  stack='TimeoutError: Timeout 30000ms exceeded.
=========================== logs ===========================
waiting for selector "//a[@class='list-group-item'][normalize-space()='Logout']" to be visible
============================================================
    at ProgressController.run (C:\Users\Welcome\AppData\Local\Temp\playwright-java-5897410051024999458\package\lib\server\progress.js:96:26)
    at Frame.waitForSelector (C:\Users\Welcome\AppData\Local\Temp\playwright-java-5897410051024999458\package\lib\server\frames.js:843:23)
    at FrameDispatcher.waitForSelector (C:\Users\Welcome\AppData\Local\Temp\playwright-java-5897410051024999458\package\lib\server\dispatchers\frameDispatcher.js:111:110)
    at DispatcherConnection.dispatch (C:\Users\Welcome\AppData\Local\Temp\playwright-java-5897410051024999458\package\lib\server\dispatchers\dispatcher.js:397:46)
}
at com.microsoft.playwright.impl.WaitableResult.get(WaitableResult.java:52)
at com.microsoft.playwright.impl.ChannelOwner.runUntil(ChannelOwner.java:109)
at com.microsoft.playwright.impl.Connection.sendMessage(Connection.java:108)
at com.microsoft.playwright.impl.ChannelOwner.sendMessage(ChannelOwner.java:100)
at com.microsoft.playwright.impl.FrameImpl.waitForSelectorImpl(FrameImpl.java:982)
at com.microsoft.playwright.impl.LocatorImpl.lambda$waitForImpl$6(LocatorImpl.java:500)
at com.microsoft.playwright.impl.LoggingSupport.withLogging(LoggingSupport.java:47)
at com.microsoft.playwright.impl.ChannelOwner.withLogging(ChannelOwner.java:85)
at com.microsoft.playwright.impl.LocatorImpl.waitForImpl(LocatorImpl.java:500)
at com.microsoft.playwright.impl.LocatorImpl.waitFor(LocatorImpl.java:496)
at com.microsoft.playwright.Locator.waitFor(Locator.java:3075)
at com.qa.opencart.pages.LoginPage.doLogin(LoginPage.java:35)
at com.qa.opencart.tests.LoginPageTest.appLoginTest(LoginPageTest.java:26)
at java.base/jdk.internal.reflect.DirectMethodHandleAccessor.invoke(DirectMethodHandleAccessor.java:104)
at java.base/java.lang.reflect.Method.invoke(Method.java:577)
at org.testng.internal.MethodInvocationHelper.invokeMethod(MethodInvocationHelper.java:124)
at org.testng.internal.Invoker.invokeMethod(Invoker.java:583)
at org.testng.internal.Invoker.invokeTestMethod(Invoker.java:719)
at org.testng.internal.Invoker.invokeTestMethods(Invoker.java:989)
at org.testng.internal.TestMethodWorker.invokeTestMethods(TestMethodWorker.java:125)
at org.testng.internal.TestMethodWorker.run(TestMethodWorker.java:109)
at org.testng.TestRunner.privateRun(TestRunner.java:648)
at org.testng.TestRunner.run(TestRunner.java:505)
at org.testng.SuiteRunner.runTest(SuiteRunner.java:455)
at org.testng.SuiteRunner.access$000(SuiteRunner.java:40)
at org.testng.SuiteRunner$SuiteWorker.run(SuiteRunner.java:489)
at org.testng.internal.thread.ThreadUtil$1.call(ThreadUtil.java:52)
at java.base/java.util.concurrent.FutureTask.run(FutureTask.java:264)
at java.base/java.util.concurrent.ThreadPoolExecutor.runWorker(ThreadPoolExecutor.java:1136)
at java.base/java.util.concurrent.ThreadPoolExecutor$Worker.run(ThreadPoolExecutor.java:635)
at java.base/java.lang.Thread.run(Thread.java:833)
Caused by: com.microsoft.playwright.TimeoutError: Error {
  message='Timeout 30000ms exceeded.
=========================== logs ===========================
waiting for selector "//a[@class='list-group-item'][normalize-space()='Logout']" to be visible
============================================================
  name='TimeoutError
  stack='TimeoutError: Timeout 30000ms exceeded.
=========================== logs ===========================
waiting for selector "//a[@class='list-group-item'][normalize-space()='Logout']" to be visible
============================================================
    at ProgressController.run (C:\Users\Welcome\AppData\Local\Temp\playwright-java-5897410051024999458\package\lib\server\progress.js:96:26)
    at Frame.waitForSelector (C:\Users\Welcome\AppData\Local\Temp\playwright-java-5897410051024999458\package\lib\server\frames.js:843:23)
    at FrameDispatcher.waitForSelector (C:\Users\Welcome\AppData\Local\Temp\playwright-java-5897410051024999458\package\lib\server\dispatchers\frameDispatcher.js:111:110)
    at DispatcherConnection.dispatch (C:\Users\Welcome\AppData\Local\Temp\playwright-java-5897410051024999458\package\lib\server\dispatchers\dispatcher.js:397:46)
}
at com.microsoft.playwright.impl.Connection.dispatch(Connection.java:188)
at com.microsoft.playwright.impl.Connection.processOneMessage(Connection.java:170)
at com.microsoft.playwright.impl.ChannelOwner.runUntil(ChannelOwner.java:107)
... 29 more
]]>
    </failure>
  </testcase> <!-- appLoginTest -->
</testsuite> <!-- Open Cart Login Page Test_safari -->
