<?xml version="1.0" encoding="UTF-8"?>
<!-- Generated by org.testng.reporters.JUnitXMLReporter -->
<testsuite ignored="0" hostname="DESKTOP-58I4PAT" failures="0" tests="5" name="Open Cart Home Page Test_chrome" time="87.264" errors="0" timestamp="15 Aug 2024 13:15:02 GMT">
  <testcase classname="com.qa.opencart.tests.HomePageTest" name="homePageTitleTest" time="1.267"/>
  <testcase classname="com.qa.opencart.tests.HomePageTest" name="homePageURLTest" time="0.536"/>
  <testcase classname="com.qa.opencart.tests.HomePageTest" name="searchTest" time="6.065"/>
  <testcase classname="com.qa.opencart.tests.HomePageTest" name="searchTest" time="5.465"/>
  <testcase classname="com.qa.opencart.tests.HomePageTest" name="searchTest" time="5.674"/>
</testsuite> <!-- Open Cart Home Page Test_chrome -->
