<?xml version="1.0" encoding="UTF-8"?>
<testng-results ignored="0" total="8" passed="7" failed="1" skipped="0">
  <reporter-output>
  </reporter-output>
  <suite started-at="2024-08-15T13:13:34Z" name="Open Cart Test Regression PW Suite" finished-at="2024-08-15T13:15:13Z" duration-ms="99137">
    <groups>
    </groups>
    <test started-at="2024-08-15T13:13:34Z" name="Open Cart Home Page Test_chrome" finished-at="2024-08-15T13:15:02Z" duration-ms="87264">
      <class name="com.qa.opencart.tests.HomePageTest">
        <test-method is-config="true" signature="setup(java.lang.String)[pri:0, instance:com.qa.opencart.tests.HomePageTest@26e356f0]" started-at="2024-08-15T13:13:34Z" name="setup" finished-at="2024-08-15T13:14:06Z" duration-ms="31613" status="PASS">
          <params>
            <param index="0">
              <value>
                <![CDATA[chrome]]>
              </value>
            </param>
          </params>
          <reporter-output>
          </reporter-output>
        </test-method> <!-- setup -->
        <test-method signature="homePageTitleTest()[pri:0, instance:com.qa.opencart.tests.HomePageTest@26e356f0]" started-at="2024-08-15T13:14:06Z" name="homePageTitleTest" finished-at="2024-08-15T13:14:07Z" duration-ms="1267" status="PASS">
          <reporter-output>
          </reporter-output>
        </test-method> <!-- homePageTitleTest -->
        <test-method signature="homePageURLTest()[pri:0, instance:com.qa.opencart.tests.HomePageTest@26e356f0]" started-at="2024-08-15T13:14:33Z" name="homePageURLTest" finished-at="2024-08-15T13:14:34Z" duration-ms="536" status="PASS">
          <reporter-output>
          </reporter-output>
        </test-method> <!-- homePageURLTest -->
        <test-method signature="searchTest(java.lang.String)[pri:0, instance:com.qa.opencart.tests.HomePageTest@26e356f0]" started-at="2024-08-15T13:14:36Z" name="searchTest" data-provider="getProductData" finished-at="2024-08-15T13:14:42Z" duration-ms="6065" status="PASS">
          <params>
            <param index="0">
              <value>
                <![CDATA[Macbook]]>
              </value>
            </param>
          </params>
          <reporter-output>
          </reporter-output>
        </test-method> <!-- searchTest -->
        <test-method signature="searchTest(java.lang.String)[pri:0, instance:com.qa.opencart.tests.HomePageTest@26e356f0]" started-at="2024-08-15T13:14:48Z" name="searchTest" data-provider="getProductData" finished-at="2024-08-15T13:14:54Z" duration-ms="5465" status="PASS">
          <params>
            <param index="0">
              <value>
                <![CDATA[iMac]]>
              </value>
            </param>
          </params>
          <reporter-output>
          </reporter-output>
        </test-method> <!-- searchTest -->
        <test-method signature="searchTest(java.lang.String)[pri:0, instance:com.qa.opencart.tests.HomePageTest@26e356f0]" started-at="2024-08-15T13:14:54Z" name="searchTest" data-provider="getProductData" finished-at="2024-08-15T13:15:00Z" duration-ms="5674" status="PASS">
          <params>
            <param index="0">
              <value>
                <![CDATA[Samsung]]>
              </value>
            </param>
          </params>
          <reporter-output>
          </reporter-output>
        </test-method> <!-- searchTest -->
        <test-method is-config="true" signature="tearDown()[pri:0, instance:com.qa.opencart.tests.HomePageTest@26e356f0]" started-at="2024-08-15T13:15:00Z" name="tearDown" finished-at="2024-08-15T13:15:02Z" duration-ms="1410" status="PASS">
          <reporter-output>
          </reporter-output>
        </test-method> <!-- tearDown -->
      </class> <!-- com.qa.opencart.tests.HomePageTest -->
    </test> <!-- Open Cart Home Page Test_chrome -->
    <test started-at="2024-08-15T13:13:34Z" name="Open Cart Login Page Test_safari" finished-at="2024-08-15T13:15:13Z" duration-ms="99137">
      <class name="com.qa.opencart.tests.LoginPageTest">
        <test-method is-config="true" signature="setup(java.lang.String)[pri:0, instance:com.qa.opencart.tests.LoginPageTest@2e6a8155]" started-at="2024-08-15T13:13:34Z" name="setup" finished-at="2024-08-15T13:13:54Z" duration-ms="19592" status="PASS">
          <params>
            <param index="0">
              <value>
                <![CDATA[chromium]]>
              </value>
            </param>
          </params>
          <reporter-output>
          </reporter-output>
        </test-method> <!-- setup -->
        <test-method signature="loginPageNavigationTest()[pri:1, instance:com.qa.opencart.tests.LoginPageTest@2e6a8155]" started-at="2024-08-15T13:13:54Z" name="loginPageNavigationTest" finished-at="2024-08-15T13:14:25Z" duration-ms="30757" status="PASS">
          <reporter-output>
          </reporter-output>
        </test-method> <!-- loginPageNavigationTest -->
        <test-method signature="forgotPwdLinkExistTest()[pri:2, instance:com.qa.opencart.tests.LoginPageTest@2e6a8155]" started-at="2024-08-15T13:14:34Z" name="forgotPwdLinkExistTest" finished-at="2024-08-15T13:14:36Z" duration-ms="2691" status="PASS">
          <reporter-output>
          </reporter-output>
        </test-method> <!-- forgotPwdLinkExistTest -->
        <test-method signature="appLoginTest()[pri:3, instance:com.qa.opencart.tests.LoginPageTest@2e6a8155]" started-at="2024-08-15T13:14:41Z" name="appLoginTest" finished-at="2024-08-15T13:15:12Z" duration-ms="31058" status="FAIL">
          <exception class="com.microsoft.playwright.TimeoutError">
            <message>
              <![CDATA[Error {
  message='Timeout 30000ms exceeded.
=========================== logs ===========================
waiting for selector "//a[@class='list-group-item'][normalize-space()='Logout']" to be visible
============================================================
  name='TimeoutError
  stack='TimeoutError: Timeout 30000ms exceeded.
=========================== logs ===========================
waiting for selector "//a[@class='list-group-item'][normalize-space()='Logout']" to be visible
============================================================
    at ProgressController.run (C:\Users\Welcome\AppData\Local\Temp\playwright-java-5897410051024999458\package\lib\server\progress.js:96:26)
    at Frame.waitForSelector (C:\Users\Welcome\AppData\Local\Temp\playwright-java-5897410051024999458\package\lib\server\frames.js:843:23)
    at FrameDispatcher.waitForSelector (C:\Users\Welcome\AppData\Local\Temp\playwright-java-5897410051024999458\package\lib\server\dispatchers\frameDispatcher.js:111:110)
    at DispatcherConnection.dispatch (C:\Users\Welcome\AppData\Local\Temp\playwright-java-5897410051024999458\package\lib\server\dispatchers\dispatcher.js:397:46)
}]]>
            </message>
            <full-stacktrace>
              <![CDATA[com.microsoft.playwright.TimeoutError: Error {
  message='Timeout 30000ms exceeded.
=========================== logs ===========================
waiting for selector "//a[@class='list-group-item'][normalize-space()='Logout']" to be visible
============================================================
  name='TimeoutError
  stack='TimeoutError: Timeout 30000ms exceeded.
=========================== logs ===========================
waiting for selector "//a[@class='list-group-item'][normalize-space()='Logout']" to be visible
============================================================
    at ProgressController.run (C:\Users\Welcome\AppData\Local\Temp\playwright-java-5897410051024999458\package\lib\server\progress.js:96:26)
    at Frame.waitForSelector (C:\Users\Welcome\AppData\Local\Temp\playwright-java-5897410051024999458\package\lib\server\frames.js:843:23)
    at FrameDispatcher.waitForSelector (C:\Users\Welcome\AppData\Local\Temp\playwright-java-5897410051024999458\package\lib\server\dispatchers\frameDispatcher.js:111:110)
    at DispatcherConnection.dispatch (C:\Users\Welcome\AppData\Local\Temp\playwright-java-5897410051024999458\package\lib\server\dispatchers\dispatcher.js:397:46)
}
at com.microsoft.playwright.impl.WaitableResult.get(WaitableResult.java:52)
at com.microsoft.playwright.impl.ChannelOwner.runUntil(ChannelOwner.java:109)
at com.microsoft.playwright.impl.Connection.sendMessage(Connection.java:108)
at com.microsoft.playwright.impl.ChannelOwner.sendMessage(ChannelOwner.java:100)
at com.microsoft.playwright.impl.FrameImpl.waitForSelectorImpl(FrameImpl.java:982)
at com.microsoft.playwright.impl.LocatorImpl.lambda$waitForImpl$6(LocatorImpl.java:500)
at com.microsoft.playwright.impl.LoggingSupport.withLogging(LoggingSupport.java:47)
at com.microsoft.playwright.impl.ChannelOwner.withLogging(ChannelOwner.java:85)
at com.microsoft.playwright.impl.LocatorImpl.waitForImpl(LocatorImpl.java:500)
at com.microsoft.playwright.impl.LocatorImpl.waitFor(LocatorImpl.java:496)
at com.microsoft.playwright.Locator.waitFor(Locator.java:3075)
at com.qa.opencart.pages.LoginPage.doLogin(LoginPage.java:35)
at com.qa.opencart.tests.LoginPageTest.appLoginTest(LoginPageTest.java:26)
at java.base/jdk.internal.reflect.DirectMethodHandleAccessor.invoke(DirectMethodHandleAccessor.java:104)
at java.base/java.lang.reflect.Method.invoke(Method.java:577)
at org.testng.internal.MethodInvocationHelper.invokeMethod(MethodInvocationHelper.java:124)
at org.testng.internal.Invoker.invokeMethod(Invoker.java:583)
at org.testng.internal.Invoker.invokeTestMethod(Invoker.java:719)
at org.testng.internal.Invoker.invokeTestMethods(Invoker.java:989)
at org.testng.internal.TestMethodWorker.invokeTestMethods(TestMethodWorker.java:125)
at org.testng.internal.TestMethodWorker.run(TestMethodWorker.java:109)
at org.testng.TestRunner.privateRun(TestRunner.java:648)
at org.testng.TestRunner.run(TestRunner.java:505)
at org.testng.SuiteRunner.runTest(SuiteRunner.java:455)
at org.testng.SuiteRunner.access$000(SuiteRunner.java:40)
at org.testng.SuiteRunner$SuiteWorker.run(SuiteRunner.java:489)
at org.testng.internal.thread.ThreadUtil$1.call(ThreadUtil.java:52)
at java.base/java.util.concurrent.FutureTask.run(FutureTask.java:264)
at java.base/java.util.concurrent.ThreadPoolExecutor.runWorker(ThreadPoolExecutor.java:1136)
at java.base/java.util.concurrent.ThreadPoolExecutor$Worker.run(ThreadPoolExecutor.java:635)
at java.base/java.lang.Thread.run(Thread.java:833)
Caused by: com.microsoft.playwright.TimeoutError: Error {
  message='Timeout 30000ms exceeded.
=========================== logs ===========================
waiting for selector "//a[@class='list-group-item'][normalize-space()='Logout']" to be visible
============================================================
  name='TimeoutError
  stack='TimeoutError: Timeout 30000ms exceeded.
=========================== logs ===========================
waiting for selector "//a[@class='list-group-item'][normalize-space()='Logout']" to be visible
============================================================
    at ProgressController.run (C:\Users\Welcome\AppData\Local\Temp\playwright-java-5897410051024999458\package\lib\server\progress.js:96:26)
    at Frame.waitForSelector (C:\Users\Welcome\AppData\Local\Temp\playwright-java-5897410051024999458\package\lib\server\frames.js:843:23)
    at FrameDispatcher.waitForSelector (C:\Users\Welcome\AppData\Local\Temp\playwright-java-5897410051024999458\package\lib\server\dispatchers\frameDispatcher.js:111:110)
    at DispatcherConnection.dispatch (C:\Users\Welcome\AppData\Local\Temp\playwright-java-5897410051024999458\package\lib\server\dispatchers\dispatcher.js:397:46)
}
at com.microsoft.playwright.impl.Connection.dispatch(Connection.java:188)
at com.microsoft.playwright.impl.Connection.processOneMessage(Connection.java:170)
at com.microsoft.playwright.impl.ChannelOwner.runUntil(ChannelOwner.java:107)
... 29 more
]]>
            </full-stacktrace>
          </exception> <!-- com.microsoft.playwright.TimeoutError -->
          <reporter-output>
          </reporter-output>
        </test-method> <!-- appLoginTest -->
        <test-method is-config="true" signature="tearDown()[pri:0, instance:com.qa.opencart.tests.LoginPageTest@2e6a8155]" started-at="2024-08-15T13:15:12Z" name="tearDown" finished-at="2024-08-15T13:15:13Z" duration-ms="1043" status="PASS">
          <reporter-output>
          </reporter-output>
        </test-method> <!-- tearDown -->
      </class> <!-- com.qa.opencart.tests.LoginPageTest -->
    </test> <!-- Open Cart Login Page Test_safari -->
  </suite> <!-- Open Cart Test Regression PW Suite -->
</testng-results>
